<?xml version="1.0" encoding="UTF-8"?>
<!-- Generated by org.testng.reporters.JUnitXMLReporter -->
<testsuite ignored="0" hostname="LAPTOP-PESQSHPG" failures="0" tests="4" name="Test" time="31.956" errors="0" timestamp="2025-01-20T11:21:43 IST">
  <testcase classname="Bikes.BajajTest" name="lauch" time="8.822"/>
  <testcase classname="Bikes.KawaskiTest" name="lauch" time="4.016"/>
  <testcase classname="Bikes.HondaTest" name="lauch" time="10.616"/>
  <testcase classname="Bikes.YamahaTest" name="launch" time="8.483"/>
</testsuite> <!-- Test -->
