<?xml version="1.0" encoding="UTF-8"?>
<testng-results ignored="0" total="1" passed="1" failed="0" skipped="0">
  <reporter-output>
    <line>
      <![CDATA[GitHub class added]]>
    </line>
  </reporter-output>
  <suite started-at="2025-02-01T10:53:24 IST" name="Default suite" finished-at="2025-02-01T10:53:24 IST" duration-ms="63">
    <groups>
    </groups>
    <test started-at="2025-02-01T10:53:24 IST" name="Default test" finished-at="2025-02-01T10:53:24 IST" duration-ms="63">
      <class name="LearnGitHub">
        <test-method signature="learn()[pri:0, instance:LearnGitHub@351d00c0]" started-at="2025-02-01T10:53:24 IST" name="learn" finished-at="2025-02-01T10:53:24 IST" duration-ms="11" status="PASS">
          <reporter-output>
            <line>
              <![CDATA[GitHub class added]]>
            </line>
          </reporter-output>
        </test-method> <!-- learn -->
      </class> <!-- LearnGitHub -->
    </test> <!-- Default test -->
  </suite> <!-- Default suite -->
</testng-results>
