<?xml version="1.0" encoding="UTF-8"?>
<testng-results ignored="0" total="1" passed="1" failed="0" skipped="0">
  <reporter-output>
  </reporter-output>
  <suite started-at="2025-01-21T21:52:13 IST" name="Surefire suite" finished-at="2025-01-21T21:52:18 IST" duration-ms="5204">
    <groups>
    </groups>
    <test started-at="2025-01-21T21:52:13 IST" name="Surefire test" finished-at="2025-01-21T21:52:18 IST" duration-ms="5204">
      <class name="MavenParameter.MavenParameterAssignment">
        <test-method signature="launch()[pri:0, instance:MavenParameter.MavenParameterAssignment@2805c96b]" started-at="2025-01-21T21:52:13 IST" name="launch" finished-at="2025-01-21T21:52:18 IST" duration-ms="5188" status="PASS">
          <reporter-output>
          </reporter-output>
        </test-method> <!-- launch -->
      </class> <!-- MavenParameter.MavenParameterAssignment -->
    </test> <!-- Surefire test -->
  </suite> <!-- Surefire suite -->
</testng-results>
